Array
(
    [ac] => check
    [file] => mobile_100
)
Array
(
    [ac] => check
    [file] => mobile_100
)
Array
(
    [ac] => check
    [file] => mobile_100
)
Array
(
    [ac] => check
    [file] => mobile_100
)
Array
(
    [ac] => check
    [file] => mobile_100
)
Array
(
    [ac] => check
    [file] => mobile_100
)
Array
(
    [ac] => check
    [file] => mobile_100
)
Array
(
    [ac] => check
    [file] => demoapp_1
)
Array
(
    [ac] => check
    [file] => demoapp_1
)
Array
(
    [ac] => check
    [file] => demoapp_101
)
Array
(
    [ac] => check
    [file] => demoapp_101
)
Array
(
    [ac] => check
    [file] => mobile_100
)
Array
(
    [ac] => check
    [file] => demoapp_101
)
Array
(
    [ac] => check
    [file] => mobile_100
)
Array
(
    [ac] => check
    [file] => mobile_100
)
Array
(
    [ac] => check
    [file] => mobile_100
)
Array
(
    [ac] => check
    [file] => mobile_100
)
Array
(
    [ac] => check
    [file] => demoapp_101
)
Array
(
    [ac] => check
    [file] => demoapp_101
)
Array
(
    [ac] => check
    [file] => mobile_100
)
Array
(
    [ac] => check
    [file] => mobile_100
)
Array
(
    [ac] => check
    [file] => demoapp_101
)
Array
(
    [ac] => check
    [file] => demoapp_101
)
Array
(
    [ac] => check
    [file] => demoapp_101
)
Array
(
    [ac] => check
    [file] => demoapp_101
)
