Array
(
    [data] => c2l0ZXVuaXF1ZWlkPVJDRkpOMWY0ZGRoQWljeVkmc2l0ZXVybD1odHRwJTNBJTJGJTJGbG9jYWxob3N0JTNBODg4OCUyRmRpc2N1eiUyRiZzaXRldmVyPVgzLjIvMjAxNjA2MDEmc2l0ZWNoYXJzZXQ9dXRmLTgmbXlzaXRlaWQ9
    [md5hash] => 49611594
    [timestamp] => 1511426096
    [from] => s
    [mod] => app
    [ac] => downloadlog
    [rid] => 100
)
Array
(
    [data] => c2l0ZXVuaXF1ZWlkPVJDRkpOMWY0ZGRoQWljeVkmc2l0ZXVybD1odHRwJTNBJTJGJTJGbG9jYWxob3N0JTNBODg4OCUyRmRpc2N1eiUyRiZzaXRldmVyPVgzLjIvMjAxNjA2MDEmc2l0ZWNoYXJzZXQ9dXRmLTgmbXlzaXRlaWQ9
    [md5hash] => 90aed403
    [timestamp] => 1511426758
    [from] => s
    [mod] => app
    [ac] => downloadlog
    [rid] => 100
)
Array
(
    [data] => c2l0ZXVuaXF1ZWlkPVJDRkpOMWY0ZGRoQWljeVkmc2l0ZXVybD1odHRwJTNBJTJGJTJGbG9jYWxob3N0JTNBODg4OCUyRmRpc2N1eiUyRiZzaXRldmVyPVgzLjIvMjAxNjA2MDEmc2l0ZWNoYXJzZXQ9dXRmLTgmbXlzaXRlaWQ9
    [md5hash] => f4ce4815
    [timestamp] => 1511426779
    [from] => s
    [mod] => app
    [ac] => downloadlog
    [rid] => 100
)
Array
(
    [data] => c2l0ZXVuaXF1ZWlkPVJDRkpOMWY0ZGRoQWljeVkmc2l0ZXVybD1odHRwJTNBJTJGJTJGbG9jYWxob3N0JTNBODg4OCUyRmRpc2N1eiUyRiZzaXRldmVyPVgzLjIvMjAxNjA2MDEmc2l0ZWNoYXJzZXQ9dXRmLTgmbXlzaXRlaWQ9
    [md5hash] => 951f3e41
    [timestamp] => 1511426936
    [from] => s
    [mod] => app
    [ac] => downloadlog
    [rid] => 100
)
Array
(
    [data] => c2l0ZXVuaXF1ZWlkPVJDRkpOMWY0ZGRoQWljeVkmc2l0ZXVybD1odHRwJTNBJTJGJTJGbG9jYWxob3N0JTNBODg4OCUyRmRpc2N1eiUyRiZzaXRldmVyPVgzLjIvMjAxNjA2MDEmc2l0ZWNoYXJzZXQ9dXRmLTgmbXlzaXRlaWQ9
    [md5hash] => c06f2056
    [timestamp] => 1511488318
    [from] => s
    [mod] => app
    [ac] => downloadlog
    [rid] => 100
)
Array
(
    [data] => c2l0ZXVuaXF1ZWlkPVJDRkpOMWY0ZGRoQWljeVkmc2l0ZXVybD1odHRwJTNBJTJGJTJGbG9jYWxob3N0JTNBODg4OCUyRmRpc2N1eiUyRiZzaXRldmVyPVgzLjIvMjAxNjA2MDEmc2l0ZWNoYXJzZXQ9dXRmLTgmbXlzaXRlaWQ9
    [md5hash] => c287c910
    [timestamp] => 1511489963
    [from] => s
    [mod] => app
    [ac] => downloadlog
    [rid] => 100
)
Array
(
    [data] => c2l0ZXVuaXF1ZWlkPVJDRkpOMWY0ZGRoQWljeVkmc2l0ZXVybD1odHRwJTNBJTJGJTJGbG9jYWxob3N0JTNBODg4OCUyRmRpc2N1eiUyRiZzaXRldmVyPVgzLjIvMjAxNjA2MDEmc2l0ZWNoYXJzZXQ9dXRmLTgmbXlzaXRlaWQ9
    [md5hash] => b6e907e2
    [timestamp] => 1511490980
    [from] => s
    [mod] => app
    [ac] => downloadlog
    [rid] => 100
)
Array
(
    [data] => c2l0ZXVuaXF1ZWlkPVJDRkpOMWY0ZGRoQWljeVkmc2l0ZXVybD1odHRwJTNBJTJGJTJGbG9jYWxob3N0JTNBODg4OCUyRmRpc2N1eiUyRiZzaXRldmVyPVgzLjIvMjAxNjA2MDEmc2l0ZWNoYXJzZXQ9dXRmLTgmbXlzaXRlaWQ9
    [md5hash] => c1a713c6
    [timestamp] => 1511491258
    [from] => s
    [mod] => app
    [ac] => downloadlog
    [rid] => 1
)
Array
(
    [data] => c2l0ZXVuaXF1ZWlkPVJDRkpOMWY0ZGRoQWljeVkmc2l0ZXVybD1odHRwJTNBJTJGJTJGbG9jYWxob3N0JTNBODg4OCUyRmRpc2N1eiUyRiZzaXRldmVyPVgzLjIvMjAxNjA2MDEmc2l0ZWNoYXJzZXQ9dXRmLTgmbXlzaXRlaWQ9
    [md5hash] => 517ff056
    [timestamp] => 1511491300
    [from] => s
    [mod] => app
    [ac] => downloadlog
    [rid] => 1
)
Array
(
    [data] => c2l0ZXVuaXF1ZWlkPVJDRkpOMWY0ZGRoQWljeVkmc2l0ZXVybD1odHRwJTNBJTJGJTJGbG9jYWxob3N0JTNBODg4OCUyRmRpc2N1eiUyRiZzaXRldmVyPVgzLjIvMjAxNjA2MDEmc2l0ZWNoYXJzZXQ9dXRmLTgmbXlzaXRlaWQ9
    [md5hash] => 38d5a807
    [timestamp] => 1511492128
    [from] => s
    [mod] => app
    [ac] => downloadlog
    [rid] => 1
)
Array
(
    [data] => c2l0ZXVuaXF1ZWlkPVJDRkpOMWY0ZGRoQWljeVkmc2l0ZXVybD1odHRwJTNBJTJGJTJGbG9jYWxob3N0JTNBODg4OCUyRmRpc2N1eiUyRiZzaXRldmVyPVgzLjIvMjAxNjA2MDEmc2l0ZWNoYXJzZXQ9dXRmLTgmbXlzaXRlaWQ9
    [md5hash] => 27bc3f0e
    [timestamp] => 1511492284
    [from] => s
    [mod] => app
    [ac] => downloadlog
    [rid] => 100
)
Array
(
    [data] => c2l0ZXVuaXF1ZWlkPVJDRkpOMWY0ZGRoQWljeVkmc2l0ZXVybD1odHRwJTNBJTJGJTJGbG9jYWxob3N0JTNBODg4OCUyRmRpc2N1eiUyRiZzaXRldmVyPVgzLjIvMjAxNjA2MDEmc2l0ZWNoYXJzZXQ9dXRmLTgmbXlzaXRlaWQ9
    [md5hash] => e1779080
    [timestamp] => 1511495061
    [from] => s
    [mod] => app
    [ac] => downloadlog
    [rid] => 1
)
Array
(
    [data] => c2l0ZXVuaXF1ZWlkPVJDRkpOMWY0ZGRoQWljeVkmc2l0ZXVybD1odHRwJTNBJTJGJTJGbG9jYWxob3N0JTNBODg4OCUyRmRpc2N1eiUyRiZzaXRldmVyPVgzLjIvMjAxNjA2MDEmc2l0ZWNoYXJzZXQ9dXRmLTgmbXlzaXRlaWQ9
    [md5hash] => 8a19c124
    [timestamp] => 1511495985
    [from] => s
    [mod] => app
    [ac] => downloadlog
    [rid] => 1
)
Array
(
    [data] => c2l0ZXVuaXF1ZWlkPVJDRkpOMWY0ZGRoQWljeVkmc2l0ZXVybD1odHRwJTNBJTJGJTJGbG9jYWxob3N0JTNBODg4OCUyRmRpc2N1eiUyRiZzaXRldmVyPVgzLjIvMjAxNjA2MDEmc2l0ZWNoYXJzZXQ9dXRmLTgmbXlzaXRlaWQ9
    [md5hash] => 41e31118
    [timestamp] => 1511571537
    [from] => s
    [mod] => app
    [ac] => downloadlog
    [rid] => 1
)
Array
(
    [data] => c2l0ZXVuaXF1ZWlkPVJDRkpOMWY0ZGRoQWljeVkmc2l0ZXVybD1odHRwJTNBJTJGJTJGbG9jYWxob3N0JTNBODg4OCUyRmRpc2N1eiUyRiZzaXRldmVyPVgzLjIvMjAxNjA2MDEmc2l0ZWNoYXJzZXQ9dXRmLTgmbXlzaXRlaWQ9
    [md5hash] => 81382112
    [timestamp] => 1511571760
    [from] => s
    [mod] => app
    [ac] => downloadlog
    [rid] => 1,101
)
Array
(
    [data] => c2l0ZXVuaXF1ZWlkPVJDRkpOMWY0ZGRoQWljeVkmc2l0ZXVybD1odHRwJTNBJTJGJTJGbG9jYWxob3N0JTNBODg4OCUyRmRpc2N1eiUyRiZzaXRldmVyPVgzLjIvMjAxNjA2MDEmc2l0ZWNoYXJzZXQ9dXRmLTgmbXlzaXRlaWQ9
    [md5hash] => 948faf65
    [timestamp] => 1511572323
    [from] => s
    [mod] => app
    [ac] => downloadlog
    [rid] => 101
)
Array
(
    [data] => c2l0ZXVuaXF1ZWlkPVJDRkpOMWY0ZGRoQWljeVkmc2l0ZXVybD1odHRwJTNBJTJGJTJGbG9jYWxob3N0JTNBODg4OCUyRmRpc2N1eiUyRiZzaXRldmVyPVgzLjIvMjAxNjA2MDEmc2l0ZWNoYXJzZXQ9dXRmLTgmbXlzaXRlaWQ9
    [md5hash] => 15f60ff6
    [timestamp] => 1511572371
    [from] => s
    [mod] => app
    [ac] => downloadlog
    [rid] => 100
)
Array
(
    [data] => c2l0ZXVuaXF1ZWlkPVJDRkpOMWY0ZGRoQWljeVkmc2l0ZXVybD1odHRwJTNBJTJGJTJGbG9jYWxob3N0JTNBODg4OCUyRmRpc2N1eiUyRiZzaXRldmVyPVgzLjIvMjAxNjA2MDEmc2l0ZWNoYXJzZXQ9dXRmLTgmbXlzaXRlaWQ9
    [md5hash] => 7a5e9e7e
    [timestamp] => 1511659133
    [from] => s
    [mod] => app
    [ac] => downloadlog
    [rid] => 101
)
Array
(
    [data] => c2l0ZXVuaXF1ZWlkPVJDRkpOMWY0ZGRoQWljeVkmc2l0ZXVybD1odHRwJTNBJTJGJTJGbG9jYWxob3N0JTNBODg4OCUyRmRpc2N1eiUyRiZzaXRldmVyPVgzLjIvMjAxNjA2MDEmc2l0ZWNoYXJzZXQ9dXRmLTgmbXlzaXRlaWQ9
    [md5hash] => 076d51f8
    [timestamp] => 1511660194
    [from] => s
    [mod] => app
    [ac] => downloadlog
    [rid] => 100
)
Array
(
    [data] => c2l0ZXVuaXF1ZWlkPVJDRkpOMWY0ZGRoQWljeVkmc2l0ZXVybD1odHRwJTNBJTJGJTJGbG9jYWxob3N0JTNBODg4OCUyRmRpc2N1eiUyRiZzaXRldmVyPVgzLjIvMjAxNjA2MDEmc2l0ZWNoYXJzZXQ9dXRmLTgmbXlzaXRlaWQ9
    [md5hash] => adabfc56
    [timestamp] => 1511660224
    [from] => s
    [mod] => app
    [ac] => downloadlog
    [rid] => 100
)
Array
(
    [data] => c2l0ZXVuaXF1ZWlkPVJDRkpOMWY0ZGRoQWljeVkmc2l0ZXVybD1odHRwJTNBJTJGJTJGbG9jYWxob3N0JTNBODg4OCUyRmRpc2N1eiUyRiZzaXRldmVyPVgzLjIvMjAxNjA2MDEmc2l0ZWNoYXJzZXQ9dXRmLTgmbXlzaXRlaWQ9
    [md5hash] => a6142298
    [timestamp] => 1511663492
    [from] => s
    [mod] => app
    [ac] => downloadlog
    [rid] => 100,
)
Array
(
    [data] => c2l0ZXVuaXF1ZWlkPVJDRkpOMWY0ZGRoQWljeVkmc2l0ZXVybD1odHRwJTNBJTJGJTJGbG9jYWxob3N0JTNBODg4OCUyRmRpc2N1eiUyRiZzaXRldmVyPVgzLjIvMjAxNjA2MDEmc2l0ZWNoYXJzZXQ9dXRmLTgmbXlzaXRlaWQ9
    [md5hash] => 679b8b2d
    [timestamp] => 1511663580
    [from] => s
    [mod] => app
    [ac] => downloadlog
    [rid] => 100,
)
Array
(
    [data] => c2l0ZXVuaXF1ZWlkPVJDRkpOMWY0ZGRoQWljeVkmc2l0ZXVybD1odHRwJTNBJTJGJTJGbG9jYWxob3N0JTNBODg4OCUyRmRpc2N1eiUyRiZzaXRldmVyPVgzLjIvMjAxNjA2MDEmc2l0ZWNoYXJzZXQ9dXRmLTgmbXlzaXRlaWQ9
    [md5hash] => 71effb33
    [timestamp] => 1511663630
    [from] => s
    [mod] => app
    [ac] => downloadlog
    [rid] => 101
)
Array
(
    [data] => c2l0ZXVuaXF1ZWlkPVJDRkpOMWY0ZGRoQWljeVkmc2l0ZXVybD1odHRwJTNBJTJGJTJGbG9jYWxob3N0JTNBODg4OCUyRmRpc2N1eiUyRiZzaXRldmVyPVgzLjIvMjAxNjA2MDEmc2l0ZWNoYXJzZXQ9dXRmLTgmbXlzaXRlaWQ9
    [md5hash] => 980c877b
    [timestamp] => 1511663664
    [from] => s
    [mod] => app
    [ac] => downloadlog
    [rid] => 101
)
Array
(
    [data] => c2l0ZXVuaXF1ZWlkPVJDRkpOMWY0ZGRoQWljeVkmc2l0ZXVybD1odHRwJTNBJTJGJTJGbG9jYWxob3N0JTNBODg4OCUyRmRpc2N1eiUyRiZzaXRldmVyPVgzLjIvMjAxNjA2MDEmc2l0ZWNoYXJzZXQ9dXRmLTgmbXlzaXRlaWQ9
    [md5hash] => 3b7d163f
    [timestamp] => 1511745066
    [from] => s
    [mod] => app
    [ac] => downloadlog
    [rid] => 101
)
Array
(
    [data] => c2l0ZXVuaXF1ZWlkPVJDRkpOMWY0ZGRoQWljeVkmc2l0ZXVybD1odHRwJTNBJTJGJTJGbG9jYWxob3N0JTNBODg4OCUyRmRpc2N1eiUyRiZzaXRldmVyPVgzLjIvMjAxNjA2MDEmc2l0ZWNoYXJzZXQ9dXRmLTgmbXlzaXRlaWQ9
    [md5hash] => 412f6e42
    [timestamp] => 1511775706
    [from] => s
    [mod] => app
    [ac] => downloadlog
    [rid] => 101
)
Array
(
    [data] => c2l0ZXVuaXF1ZWlkPVJDRkpOMWY0ZGRoQWljeVkmc2l0ZXVybD1odHRwJTNBJTJGJTJGbG9jYWxob3N0JTNBODg4OCUyRmRpc2N1eiUyRiZzaXRldmVyPVgzLjIvMjAxNjA2MDEmc2l0ZWNoYXJzZXQ9dXRmLTgmbXlzaXRlaWQ9
    [md5hash] => 313df1f9
    [timestamp] => 1511776273
    [from] => s
    [mod] => app
    [ac] => downloadlog
    [rid] => 101
)
