Array
(
    [data] => c2l0ZXVuaXF1ZWlkPVJDRkpOMWY0ZGRoQWljeVkmc2l0ZXVybD1odHRwJTNBJTJGJTJGbG9jYWxob3N0JTNBODg4OCUyRmRpc2N1eiUyRiZzaXRldmVyPVgzLjIvMjAxNjA2MDEmc2l0ZWNoYXJzZXQ9dXRmLTgmbXlzaXRlaWQ9
    [md5hash] => 49611594
    [timestamp] => 1511426096
    [from] => s
    [mod] => app
    [ac] => installlog
    [rid] => 100
)
Array
(
    [data] => c2l0ZXVuaXF1ZWlkPVJDRkpOMWY0ZGRoQWljeVkmc2l0ZXVybD1odHRwJTNBJTJGJTJGbG9jYWxob3N0JTNBODg4OCUyRmRpc2N1eiUyRiZzaXRldmVyPVgzLjIvMjAxNjA2MDEmc2l0ZWNoYXJzZXQ9dXRmLTgmbXlzaXRlaWQ9
    [md5hash] => 90aed403
    [timestamp] => 1511426758
    [from] => s
    [mod] => app
    [ac] => installlog
    [rid] => 100
)
Array
(
    [data] => c2l0ZXVuaXF1ZWlkPVJDRkpOMWY0ZGRoQWljeVkmc2l0ZXVybD1odHRwJTNBJTJGJTJGbG9jYWxob3N0JTNBODg4OCUyRmRpc2N1eiUyRiZzaXRldmVyPVgzLjIvMjAxNjA2MDEmc2l0ZWNoYXJzZXQ9dXRmLTgmbXlzaXRlaWQ9
    [md5hash] => f4ce4815
    [timestamp] => 1511426779
    [from] => s
    [mod] => app
    [ac] => installlog
    [rid] => 100
)
Array
(
    [data] => c2l0ZXVuaXF1ZWlkPVJDRkpOMWY0ZGRoQWljeVkmc2l0ZXVybD1odHRwJTNBJTJGJTJGbG9jYWxob3N0JTNBODg4OCUyRmRpc2N1eiUyRiZzaXRldmVyPVgzLjIvMjAxNjA2MDEmc2l0ZWNoYXJzZXQ9dXRmLTgmbXlzaXRlaWQ9
    [md5hash] => 951f3e41
    [timestamp] => 1511426936
    [from] => s
    [mod] => app
    [ac] => installlog
    [rid] => 100
)
Array
(
    [data] => c2l0ZXVuaXF1ZWlkPVJDRkpOMWY0ZGRoQWljeVkmc2l0ZXVybD1odHRwJTNBJTJGJTJGbG9jYWxob3N0JTNBODg4OCUyRmRpc2N1eiUyRiZzaXRldmVyPVgzLjIvMjAxNjA2MDEmc2l0ZWNoYXJzZXQ9dXRmLTgmbXlzaXRlaWQ9
    [md5hash] => c06f2056
    [timestamp] => 1511488318
    [from] => s
    [mod] => app
    [ac] => installlog
    [rid] => 100
)
Array
(
    [data] => c2l0ZXVuaXF1ZWlkPVJDRkpOMWY0ZGRoQWljeVkmc2l0ZXVybD1odHRwJTNBJTJGJTJGbG9jYWxob3N0JTNBODg4OCUyRmRpc2N1eiUyRiZzaXRldmVyPVgzLjIvMjAxNjA2MDEmc2l0ZWNoYXJzZXQ9dXRmLTgmbXlzaXRlaWQ9
    [md5hash] => c287c910
    [timestamp] => 1511489963
    [from] => s
    [mod] => app
    [ac] => installlog
    [rid] => 100
)
Array
(
    [data] => c2l0ZXVuaXF1ZWlkPVJDRkpOMWY0ZGRoQWljeVkmc2l0ZXVybD1odHRwJTNBJTJGJTJGbG9jYWxob3N0JTNBODg4OCUyRmRpc2N1eiUyRiZzaXRldmVyPVgzLjIvMjAxNjA2MDEmc2l0ZWNoYXJzZXQ9dXRmLTgmbXlzaXRlaWQ9
    [md5hash] => b6e907e2
    [timestamp] => 1511490980
    [from] => s
    [mod] => app
    [ac] => installlog
    [rid] => 100
)
Array
(
    [data] => c2l0ZXVuaXF1ZWlkPVJDRkpOMWY0ZGRoQWljeVkmc2l0ZXVybD1odHRwJTNBJTJGJTJGbG9jYWxob3N0JTNBODg4OCUyRmRpc2N1eiUyRiZzaXRldmVyPVgzLjIvMjAxNjA2MDEmc2l0ZWNoYXJzZXQ9dXRmLTgmbXlzaXRlaWQ9
    [md5hash] => 27bc3f0e
    [timestamp] => 1511492284
    [from] => s
    [mod] => app
    [ac] => installlog
    [rid] => 100
)
Array
(
    [data] => c2l0ZXVuaXF1ZWlkPVJDRkpOMWY0ZGRoQWljeVkmc2l0ZXVybD1odHRwJTNBJTJGJTJGbG9jYWxob3N0JTNBODg4OCUyRmRpc2N1eiUyRiZzaXRldmVyPVgzLjIvMjAxNjA2MDEmc2l0ZWNoYXJzZXQ9dXRmLTgmbXlzaXRlaWQ9
    [md5hash] => 144a506c
    [timestamp] => 1511495062
    [from] => s
    [mod] => app
    [ac] => installlog
    [rid] => 1
)
Array
(
    [data] => c2l0ZXVuaXF1ZWlkPVJDRkpOMWY0ZGRoQWljeVkmc2l0ZXVybD1odHRwJTNBJTJGJTJGbG9jYWxob3N0JTNBODg4OCUyRmRpc2N1eiUyRiZzaXRldmVyPVgzLjIvMjAxNjA2MDEmc2l0ZWNoYXJzZXQ9dXRmLTgmbXlzaXRlaWQ9
    [md5hash] => 11fa0f4a
    [timestamp] => 1511495734
    [from] => s
    [mod] => app
    [ac] => installlog
    [rid] => 1
)
Array
(
    [data] => c2l0ZXVuaXF1ZWlkPVJDRkpOMWY0ZGRoQWljeVkmc2l0ZXVybD1odHRwJTNBJTJGJTJGbG9jYWxob3N0JTNBODg4OCUyRmRpc2N1eiUyRiZzaXRldmVyPVgzLjIvMjAxNjA2MDEmc2l0ZWNoYXJzZXQ9dXRmLTgmbXlzaXRlaWQ9
    [md5hash] => 4dc3466a
    [timestamp] => 1511495739
    [from] => s
    [mod] => app
    [ac] => installlog
    [rid] => 1
)
Array
(
    [data] => c2l0ZXVuaXF1ZWlkPVJDRkpOMWY0ZGRoQWljeVkmc2l0ZXVybD1odHRwJTNBJTJGJTJGbG9jYWxob3N0JTNBODg4OCUyRmRpc2N1eiUyRiZzaXRldmVyPVgzLjIvMjAxNjA2MDEmc2l0ZWNoYXJzZXQ9dXRmLTgmbXlzaXRlaWQ9
    [md5hash] => 926a356c
    [timestamp] => 1511495743
    [from] => s
    [mod] => app
    [ac] => installlog
    [rid] => 1
)
Array
(
    [data] => c2l0ZXVuaXF1ZWlkPVJDRkpOMWY0ZGRoQWljeVkmc2l0ZXVybD1odHRwJTNBJTJGJTJGbG9jYWxob3N0JTNBODg4OCUyRmRpc2N1eiUyRiZzaXRldmVyPVgzLjIvMjAxNjA2MDEmc2l0ZWNoYXJzZXQ9dXRmLTgmbXlzaXRlaWQ9
    [md5hash] => 048fc309
    [timestamp] => 1511495798
    [from] => s
    [mod] => app
    [ac] => installlog
    [rid] => 1
)
Array
(
    [data] => c2l0ZXVuaXF1ZWlkPVJDRkpOMWY0ZGRoQWljeVkmc2l0ZXVybD1odHRwJTNBJTJGJTJGbG9jYWxob3N0JTNBODg4OCUyRmRpc2N1eiUyRiZzaXRldmVyPVgzLjIvMjAxNjA2MDEmc2l0ZWNoYXJzZXQ9dXRmLTgmbXlzaXRlaWQ9
    [md5hash] => fbbbceb5
    [timestamp] => 1511495986
    [from] => s
    [mod] => app
    [ac] => installlog
    [rid] => 1
)
Array
(
    [data] => c2l0ZXVuaXF1ZWlkPVJDRkpOMWY0ZGRoQWljeVkmc2l0ZXVybD1odHRwJTNBJTJGJTJGbG9jYWxob3N0JTNBODg4OCUyRmRpc2N1eiUyRiZzaXRldmVyPVgzLjIvMjAxNjA2MDEmc2l0ZWNoYXJzZXQ9dXRmLTgmbXlzaXRlaWQ9
    [md5hash] => 5a70c180
    [timestamp] => 1511513384
    [from] => s
    [mod] => app
    [ac] => installlog
    [rid] => 1
)
Array
(
    [data] => c2l0ZXVuaXF1ZWlkPVJDRkpOMWY0ZGRoQWljeVkmc2l0ZXVybD1odHRwJTNBJTJGJTJGbG9jYWxob3N0JTNBODg4OCUyRmRpc2N1eiUyRiZzaXRldmVyPVgzLjIvMjAxNjA2MDEmc2l0ZWNoYXJzZXQ9dXRmLTgmbXlzaXRlaWQ9
    [md5hash] => 81382112
    [timestamp] => 1511571760
    [from] => s
    [mod] => app
    [ac] => installlog
    [rid] => 1,101
)
Array
(
    [data] => c2l0ZXVuaXF1ZWlkPVJDRkpOMWY0ZGRoQWljeVkmc2l0ZXVybD1odHRwJTNBJTJGJTJGbG9jYWxob3N0JTNBODg4OCUyRmRpc2N1eiUyRiZzaXRldmVyPVgzLjIvMjAxNjA2MDEmc2l0ZWNoYXJzZXQ9dXRmLTgmbXlzaXRlaWQ9
    [md5hash] => 948faf65
    [timestamp] => 1511572323
    [from] => s
    [mod] => app
    [ac] => installlog
    [rid] => 101
)
Array
(
    [data] => c2l0ZXVuaXF1ZWlkPVJDRkpOMWY0ZGRoQWljeVkmc2l0ZXVybD1odHRwJTNBJTJGJTJGbG9jYWxob3N0JTNBODg4OCUyRmRpc2N1eiUyRiZzaXRldmVyPVgzLjIvMjAxNjA2MDEmc2l0ZWNoYXJzZXQ9dXRmLTgmbXlzaXRlaWQ9
    [md5hash] => 15f60ff6
    [timestamp] => 1511572371
    [from] => s
    [mod] => app
    [ac] => installlog
    [rid] => 100
)
Array
(
    [data] => c2l0ZXVuaXF1ZWlkPVJDRkpOMWY0ZGRoQWljeVkmc2l0ZXVybD1odHRwJTNBJTJGJTJGbG9jYWxob3N0JTNBODg4OCUyRmRpc2N1eiUyRiZzaXRldmVyPVgzLjIvMjAxNjA2MDEmc2l0ZWNoYXJzZXQ9dXRmLTgmbXlzaXRlaWQ9
    [md5hash] => 7a5e9e7e
    [timestamp] => 1511659133
    [from] => s
    [mod] => app
    [ac] => installlog
    [rid] => 101
)
Array
(
    [data] => c2l0ZXVuaXF1ZWlkPVJDRkpOMWY0ZGRoQWljeVkmc2l0ZXVybD1odHRwJTNBJTJGJTJGbG9jYWxob3N0JTNBODg4OCUyRmRpc2N1eiUyRiZzaXRldmVyPVgzLjIvMjAxNjA2MDEmc2l0ZWNoYXJzZXQ9dXRmLTgmbXlzaXRlaWQ9
    [md5hash] => 076d51f8
    [timestamp] => 1511660194
    [from] => s
    [mod] => app
    [ac] => installlog
    [rid] => 100
)
Array
(
    [data] => c2l0ZXVuaXF1ZWlkPVJDRkpOMWY0ZGRoQWljeVkmc2l0ZXVybD1odHRwJTNBJTJGJTJGbG9jYWxob3N0JTNBODg4OCUyRmRpc2N1eiUyRiZzaXRldmVyPVgzLjIvMjAxNjA2MDEmc2l0ZWNoYXJzZXQ9dXRmLTgmbXlzaXRlaWQ9
    [md5hash] => adabfc56
    [timestamp] => 1511660224
    [from] => s
    [mod] => app
    [ac] => installlog
    [rid] => 100
)
Array
(
    [data] => c2l0ZXVuaXF1ZWlkPVJDRkpOMWY0ZGRoQWljeVkmc2l0ZXVybD1odHRwJTNBJTJGJTJGbG9jYWxob3N0JTNBODg4OCUyRmRpc2N1eiUyRiZzaXRldmVyPVgzLjIvMjAxNjA2MDEmc2l0ZWNoYXJzZXQ9dXRmLTgmbXlzaXRlaWQ9
    [md5hash] => a6142298
    [timestamp] => 1511663492
    [from] => s
    [mod] => app
    [ac] => installlog
    [rid] => 100,
)
Array
(
    [data] => c2l0ZXVuaXF1ZWlkPVJDRkpOMWY0ZGRoQWljeVkmc2l0ZXVybD1odHRwJTNBJTJGJTJGbG9jYWxob3N0JTNBODg4OCUyRmRpc2N1eiUyRiZzaXRldmVyPVgzLjIvMjAxNjA2MDEmc2l0ZWNoYXJzZXQ9dXRmLTgmbXlzaXRlaWQ9
    [md5hash] => 3cbc0b22
    [timestamp] => 1511663581
    [from] => s
    [mod] => app
    [ac] => installlog
    [rid] => 100,
)
Array
(
    [data] => c2l0ZXVuaXF1ZWlkPVJDRkpOMWY0ZGRoQWljeVkmc2l0ZXVybD1odHRwJTNBJTJGJTJGbG9jYWxob3N0JTNBODg4OCUyRmRpc2N1eiUyRiZzaXRldmVyPVgzLjIvMjAxNjA2MDEmc2l0ZWNoYXJzZXQ9dXRmLTgmbXlzaXRlaWQ9
    [md5hash] => e7f3e352
    [timestamp] => 1511663631
    [from] => s
    [mod] => app
    [ac] => installlog
    [rid] => 101
)
Array
(
    [data] => c2l0ZXVuaXF1ZWlkPVJDRkpOMWY0ZGRoQWljeVkmc2l0ZXVybD1odHRwJTNBJTJGJTJGbG9jYWxob3N0JTNBODg4OCUyRmRpc2N1eiUyRiZzaXRldmVyPVgzLjIvMjAxNjA2MDEmc2l0ZWNoYXJzZXQ9dXRmLTgmbXlzaXRlaWQ9
    [md5hash] => 980c877b
    [timestamp] => 1511663664
    [from] => s
    [mod] => app
    [ac] => installlog
    [rid] => 101
)
