Array
(
    [data] => c2l0ZXVuaXF1ZWlkPVJDRkpOMWY0ZGRoQWljeVkmc2l0ZXVybD1odHRwJTNBJTJGJTJGbG9jYWxob3N0JTNBODg4OCUyRmRpc2N1eiUyRiZzaXRldmVyPVgzLjIvMjAxNjA2MDEmc2l0ZWNoYXJzZXQ9dXRmLTgmbXlzaXRlaWQ9
    [md5hash] => 70554ab1
    [timestamp] => 1511571440
    [from] => s
    [mod] => app
    [ac] => removelog
    [rid] => 1
)
Array
(
    [data] => c2l0ZXVuaXF1ZWlkPVJDRkpOMWY0ZGRoQWljeVkmc2l0ZXVybD1odHRwJTNBJTJGJTJGbG9jYWxob3N0JTNBODg4OCUyRmRpc2N1eiUyRiZzaXRldmVyPVgzLjIvMjAxNjA2MDEmc2l0ZWNoYXJzZXQ9dXRmLTgmbXlzaXRlaWQ9
    [md5hash] => abb0711c
    [timestamp] => 1511572309
    [from] => s
    [mod] => app
    [ac] => removelog
    [rid] => 1,101
)
Array
(
    [data] => c2l0ZXVuaXF1ZWlkPVJDRkpOMWY0ZGRoQWljeVkmc2l0ZXVybD1odHRwJTNBJTJGJTJGbG9jYWxob3N0JTNBODg4OCUyRmRpc2N1eiUyRiZzaXRldmVyPVgzLjIvMjAxNjA2MDEmc2l0ZWNoYXJzZXQ9dXRmLTgmbXlzaXRlaWQ9
    [md5hash] => 572e35d4
    [timestamp] => 1511663635
    [from] => s
    [mod] => app
    [ac] => removelog
    [rid] => 101
)
